<?xml version="1.0" encoding="UTF-8"?>
<!-- Generated by org.testng.reporters.JUnitXMLReporter -->
<testsuite hostname="DESKTOP-GOG4L22" ignored="0" name="LoginTestchrome" tests="5" failures="3" timestamp="15 Apr 2020 21:47:50 GMT" time="125.26" errors="0">
  <testcase name="loginTest" time="52.917" classname="com.nopcommerce.TestCases.TC_LoginTest_001"/>
  <testcase name="loginTest" time="40.644" classname="com.nopcommerce.TestCases.TC_LoginDDT_002"/>
  <testcase name="loginTest" time="5.956" classname="com.nopcommerce.TestCases.TC_LoginDDT_002">
    <failure type="java.lang.AssertionError" message="expected [true] but found [false]">
      <![CDATA[java.lang.AssertionError: expected [true] but found [false]
at com.nopcommerce.TestCases.TC_LoginDDT_002.loginTest(TC_LoginDDT_002.java:37)
... Removed 38 stack frames]]>
    </failure>
  </testcase> <!-- loginTest -->
  <testcase name="loginTest" time="5.234" classname="com.nopcommerce.TestCases.TC_LoginDDT_002">
    <failure type="java.lang.AssertionError" message="expected [true] but found [false]">
      <![CDATA[java.lang.AssertionError: expected [true] but found [false]
at com.nopcommerce.TestCases.TC_LoginDDT_002.loginTest(TC_LoginDDT_002.java:37)
... Removed 38 stack frames]]>
    </failure>
  </testcase> <!-- loginTest -->
  <testcase name="loginTest" time="5.263" classname="com.nopcommerce.TestCases.TC_LoginDDT_002">
    <failure type="java.lang.AssertionError" message="expected [true] but found [false]">
      <![CDATA[java.lang.AssertionError: expected [true] but found [false]
at com.nopcommerce.TestCases.TC_LoginDDT_002.loginTest(TC_LoginDDT_002.java:37)
... Removed 38 stack frames]]>
    </failure>
  </testcase> <!-- loginTest -->
</testsuite> <!-- LoginTestchrome -->
